\BOOKMARK [0][-]{chapter.1}{Pengenalan\040Algoritma\040&\040Pemrograman\040dengan\040Python}{}% 1
\BOOKMARK [1][-]{section.1.1}{Petunjuk}{chapter.1}% 2
\BOOKMARK [1][-]{section.1.2}{Latihan}{chapter.1}% 3
\BOOKMARK [1][-]{section.1.3}{Permasalahan}{chapter.1}% 4
\BOOKMARK [0][-]{chapter.2}{Percabangan}{}% 5
\BOOKMARK [0][-]{chapter.3}{Perulangan\040dan\040Array}{}% 6
\BOOKMARK [1][-]{section.3.1}{Petunjuk}{chapter.3}% 7
\BOOKMARK [1][-]{section.3.2}{Latihan}{chapter.3}% 8
\BOOKMARK [1][-]{section.3.3}{Permasalahan}{chapter.3}% 9
\BOOKMARK [0][-]{chapter.4}{Pengurutan}{}% 10
\BOOKMARK [0][-]{chapter.5}{Fungsi}{}% 11
\BOOKMARK [0][-]{chapter.6}{Rekursif}{}% 12
\BOOKMARK [0][-]{chapter.7}{Permasalahan\040Matematis\040\(Quiz\)}{}% 13
\BOOKMARK [0][-]{chapter.8}{Ad\040Hoc\0401}{}% 14
\BOOKMARK [0][-]{chapter.9}{Ad\040Hoc\0402}{}% 15
\BOOKMARK [0][-]{appendix.A}{Lampiran:\040Bahasa\040Pemrograman\040Python}{}% 16
\BOOKMARK [1][-]{section.A.1}{Tipe\040Data\040Python}{appendix.A}% 17
\BOOKMARK [1][-]{section.A.2}{Pengenalan\040IDLE\040dan\040IDE\040\(PyScripter\)}{appendix.A}% 18
\BOOKMARK [2][-]{subsection.A.2.1}{IDLE}{section.A.2}% 19
\BOOKMARK [2][-]{subsection.A.2.2}{IDE}{section.A.2}% 20
